<?xml version="1.0" encoding="UTF-8"?>
<!-- Generated by org.testng.reporters.JUnitReportReporter -->
<testsuite hostname="SACHIN17box" failures="0" tests="1" name="com.Shopperstack_Test_Scripts.Tc002_Verify_User_Is_Able_tO_Delete_Address" time="21.300" errors="0" timestamp="2025-01-02T18:43:41 IST" skipped="0">
  <testcase classname="com.Shopperstack_Test_Scripts.Tc002_Verify_User_Is_Able_tO_Delete_Address" name="deleteaddress" time="21.300"/>
</testsuite> <!-- com.Shopperstack_Test_Scripts.Tc002_Verify_User_Is_Able_tO_Delete_Address -->
