<?xml version="1.0" encoding="UTF-8"?>
<!-- Generated by org.testng.reporters.JUnitReportReporter -->
<testsuite hostname="SACHIN17box" failures="0" tests="1" name="com.Shopperstack_Test_Scripts.Tc_001_Verify_User_Is_Able_To_Add_Address_Or_Not" time="34.533" errors="0" timestamp="2025-01-02T18:43:03 IST" skipped="0">
  <testcase classname="com.Shopperstack_Test_Scripts.Tc_001_Verify_User_Is_Able_To_Add_Address_Or_Not" name="addAddress" time="34.533"/>
</testsuite> <!-- com.Shopperstack_Test_Scripts.Tc_001_Verify_User_Is_Able_To_Add_Address_Or_Not -->
